0 info it worked if it ends with ok
1 verbose cli [ '/usr/local/Cellar/node/5.8.0/bin/node',
1 verbose cli   '/usr/local/bin/npm',
1 verbose cli   'run',
1 verbose cli   'build' ]
2 info using npm@3.7.3
3 info using node@v5.8.0
4 verbose run-script [ 'prebuild', 'build', 'postbuild' ]
5 info lifecycle my-subtheme@1.0.0~prebuild: my-subtheme@1.0.0
6 silly lifecycle my-subtheme@1.0.0~prebuild: no script for prebuild, continuing
7 info lifecycle my-subtheme@1.0.0~build: my-subtheme@1.0.0
8 verbose lifecycle my-subtheme@1.0.0~build: unsafe-perm in lifecycle true
9 verbose lifecycle my-subtheme@1.0.0~build: PATH: /usr/local/lib/node_modules/npm/bin/node-gyp-bin:/Users/annika/Projects/HHS Intranet Site/drupal8/app/drupal/themes/custom/inside_hhs/node_modules/.bin:/usr/local/Cellar/node/5.8.0/bin:/Users/annika/.rvm/gems/ruby-2.2.1/bin:/Users/annika/.rvm/gems/ruby-2.2.1@global/bin:/Users/annika/.rvm/rubies/ruby-2.2.1/bin:/Users/annika/.sdkman/candidates/groovy/current/bin:/Users/annika/.sdkman/candidates/grails/current/bin:/Users/annika/.sdkman/candidates/gradle/current/bin:/usr/local/bin:/usr/bin:/bin:/usr/sbin:/sbin:/Users/annika/.rvm/bin
10 verbose lifecycle my-subtheme@1.0.0~build: CWD: /Users/annika/Projects/HHS Intranet Site/drupal8/app/drupal/themes/custom/inside_hhs
11 silly lifecycle my-subtheme@1.0.0~build: Args: [ '-c', 'npm run build:css' ]
12 silly lifecycle my-subtheme@1.0.0~build: Returned: code: 1  signal: null
13 info lifecycle my-subtheme@1.0.0~build: Failed to exec build script
14 verbose stack Error: my-subtheme@1.0.0 build: `npm run build:css`
14 verbose stack Exit status 1
14 verbose stack     at EventEmitter.<anonymous> (/usr/local/lib/node_modules/npm/lib/utils/lifecycle.js:239:16)
14 verbose stack     at emitTwo (events.js:100:13)
14 verbose stack     at EventEmitter.emit (events.js:185:7)
14 verbose stack     at ChildProcess.<anonymous> (/usr/local/lib/node_modules/npm/lib/utils/spawn.js:24:14)
14 verbose stack     at emitTwo (events.js:100:13)
14 verbose stack     at ChildProcess.emit (events.js:185:7)
14 verbose stack     at maybeClose (internal/child_process.js:850:16)
14 verbose stack     at Process.ChildProcess._handle.onexit (internal/child_process.js:215:5)
15 verbose pkgid my-subtheme@1.0.0
16 verbose cwd /Users/annika/Projects/HHS Intranet Site/drupal8/app/drupal/themes/custom/inside_hhs
17 error Darwin 16.6.0
18 error argv "/usr/local/Cellar/node/5.8.0/bin/node" "/usr/local/bin/npm" "run" "build"
19 error node v5.8.0
20 error npm  v3.7.3
21 error code ELIFECYCLE
22 error my-subtheme@1.0.0 build: `npm run build:css`
22 error Exit status 1
23 error Failed at the my-subtheme@1.0.0 build script 'npm run build:css'.
23 error Make sure you have the latest version of node.js and npm installed.
23 error If you do, this is most likely a problem with the my-subtheme package,
23 error not with npm itself.
23 error Tell the author that this fails on your system:
23 error     npm run build:css
23 error You can get information on how to open an issue for this project with:
23 error     npm bugs my-subtheme
23 error Or if that isn't available, you can get their info via:
23 error     npm owner ls my-subtheme
23 error There is likely additional logging output above.
24 verbose exit [ 1, true ]
